New log file opened at Thu May 28 16:31:18 EDT 2015 by 11630@Marcuss-MacBook-Pro.local
Sending msg to client activator-7e5ff2a6-c3b9-4526-9bf9-4be1d4523a44: DetachedLogEvent(LogMessage(debug,sbt client logs are in: /Users/moraesmv/activator/survey-app/.sbtserver/connections/activator-7e5ff2a6-c3b9-4526-9bf9-4be1d4523a44.log))
Sending msg to client activator-7e5ff2a6-c3b9-4526-9bf9-4be1d4523a44: DetachedLogEvent(LogMessage(debug,sbt server socket logs are in: /Users/moraesmv/activator/survey-app/.sbtserver/connections/master.log))
Reading next message from client.
Sending msg to client activator-7e5ff2a6-c3b9-4526-9bf9-4be1d4523a44: DetachedLogEvent(LogMessage(debug,sbt general server logs are in: /Users/moraesmv/activator/survey-app/.sbtserver/master.log))
Got request: ListenToEvents()
Reading next message from client.
Sending msg to client activator-7e5ff2a6-c3b9-4526-9bf9-4be1d4523a44: DetachedLogEvent(LogMessage(debug,> --initialize))
Got request: ListenToBuildChange()
Reading next message from client.
Got request: SendSyntheticBuildChanged()
Reading next message from client.
Got request: KeyLookupRequest(discoveredMainClasses)
Reading next message from client.
Got request: KeyLookupRequest(mainClass)
Reading next message from client.
Got request: KeyLookupRequest(echo:echoTraceSupported)
Reading next message from client.
Got request: KeyLookupRequest(echo:echoPlayVersionReport)
Reading next message from client.
Got request: KeyLookupRequest(echo:echoAkkaVersionReport)
Reading next message from client.
Got request: KeyLookupRequest(echo:echoTracePlayVersion)
Reading next message from client.
Sending msg to client activator-7e5ff2a6-c3b9-4526-9bf9-4be1d4523a44: (3,ReceivedResponse())
Sending msg to client activator-7e5ff2a6-c3b9-4526-9bf9-4be1d4523a44: DetachedLogEvent(LogMessage(debug,> initialize))
Sending msg to client activator-7e5ff2a6-c3b9-4526-9bf9-4be1d4523a44: DetachedLogEvent(LogMessage(debug,> onFailure load-failed))
Sending msg to client activator-7e5ff2a6-c3b9-4526-9bf9-4be1d4523a44: DetachedLogEvent(LogMessage(debug,> boot))
Sending msg to client activator-7e5ff2a6-c3b9-4526-9bf9-4be1d4523a44: DetachedLogEvent(LogMessage(debug,> reload))
Sending msg to client activator-7e5ff2a6-c3b9-4526-9bf9-4be1d4523a44: DetachedLogEvent(LogMessage(debug,[Loading] Scanning directory /Users/moraesmv/activator/survey-app/project))
Sending msg to client activator-7e5ff2a6-c3b9-4526-9bf9-4be1d4523a44: DetachedLogEvent(LogMessage(debug,[Loading] Found non-root projects ))
Sending msg to client activator-7e5ff2a6-c3b9-4526-9bf9-4be1d4523a44: DetachedLogEvent(LogMessage(debug,[Loading] Done in /Users/moraesmv/activator/survey-app/project, returning: ()))
Sending msg to client activator-7e5ff2a6-c3b9-4526-9bf9-4be1d4523a44: DetachedLogEvent(LogMessage(debug,deducing auto plugins based on known facts Set(Atom(sbt.plugins.CorePlugin)) and clauses Clauses(List(Clause(Atom(sbt.plugins.JvmPlugin),Set(Atom(sbt.plugins.IvyPlugin))), Clause(Atom(sbt.plugins.JUnitXmlReportPlugin),Set(Atom(sbt.plugins.JvmPlugin))), Clause(Atom(sbt.plugins.CorePlugin),Set(Atom(sbt.plugins.IvyPlugin))), Clause(Atom(sbt.plugins.IvyPlugin),Set(Atom(sbt.plugins.JvmPlugin))), Clause(Atom(sbt.plugins.JvmPlugin),Set(Atom(sbt.plugins.JUnitXmlReportPlugin)))))))
Sending msg to client activator-7e5ff2a6-c3b9-4526-9bf9-4be1d4523a44: DetachedLogEvent(LogMessage(debug,  :: deduced result: Matched(sbt.plugins.CorePlugin,sbt.plugins.IvyPlugin,sbt.plugins.JvmPlugin,sbt.plugins.JUnitXmlReportPlugin)))
Sending msg to client activator-7e5ff2a6-c3b9-4526-9bf9-4be1d4523a44: DetachedLogEvent(LogMessage(debug,sorting: ns: List(sbt.plugins.CorePlugin, sbt.plugins.IvyPlugin, sbt.plugins.JvmPlugin, sbt.plugins.JUnitXmlReportPlugin)))
Sending msg to client activator-7e5ff2a6-c3b9-4526-9bf9-4be1d4523a44: DetachedLogEvent(LogMessage(debug,  :: sorting:: found: List(sbt.plugins.CorePlugin) not found List(sbt.plugins.IvyPlugin, sbt.plugins.JvmPlugin, sbt.plugins.JUnitXmlReportPlugin)))
Sending msg to client activator-7e5ff2a6-c3b9-4526-9bf9-4be1d4523a44: DetachedLogEvent(LogMessage(debug,  :: sorting:: found: List(sbt.plugins.CorePlugin, sbt.plugins.IvyPlugin) not found List(sbt.plugins.JvmPlugin, sbt.plugins.JUnitXmlReportPlugin)))
Sending msg to client activator-7e5ff2a6-c3b9-4526-9bf9-4be1d4523a44: DetachedLogEvent(LogMessage(debug,  :: sorting:: found: List(sbt.plugins.CorePlugin, sbt.plugins.IvyPlugin, sbt.plugins.JvmPlugin) not found List(sbt.plugins.JUnitXmlReportPlugin)))
Sending msg to client activator-7e5ff2a6-c3b9-4526-9bf9-4be1d4523a44: DetachedLogEvent(LogMessage(debug,  :: sorting:: found: List(sbt.plugins.CorePlugin, sbt.plugins.IvyPlugin, sbt.plugins.JvmPlugin, sbt.plugins.JUnitXmlReportPlugin) not found List()))
Sending msg to client activator-7e5ff2a6-c3b9-4526-9bf9-4be1d4523a44: DetachedLogEvent(LogMessage(debug,  :: sorted deduced result: List(sbt.plugins.CorePlugin, sbt.plugins.IvyPlugin, sbt.plugins.JvmPlugin, sbt.plugins.JUnitXmlReportPlugin)))
Sending msg to client activator-7e5ff2a6-c3b9-4526-9bf9-4be1d4523a44: DetachedLogEvent(LogMessage(debug,[Loading] Done in /Users/moraesmv/activator/survey-app/project, returning: (survey-app-build)))
Sending msg to client activator-7e5ff2a6-c3b9-4526-9bf9-4be1d4523a44: DetachedLogEvent(LogMessage(info,Loading project definition from /Users/moraesmv/activator/survey-app/project))
Sending msg to client activator-7e5ff2a6-c3b9-4526-9bf9-4be1d4523a44: DetachedLogEvent(LogMessage(debug,Running task... Cancel: sbt.TaskCancellationStrategy$Null$@1b4b0444, check cycles: false))
Sending msg to client activator-7e5ff2a6-c3b9-4526-9bf9-4be1d4523a44: DetachedLogEvent(LogMessage(debug,
Initial source changes: 
	removed:Set()
	added: Set()
	modified: Set()
Removed products: Set()
External API changes: API Changes: Set()
Modified binary dependencies: Set()
Initial directly invalidated sources: Set()

Sources indirectly invalidated by:
	product: Set()
	binary dep: Set()
	external source: Set()))
Sending msg to client activator-7e5ff2a6-c3b9-4526-9bf9-4be1d4523a44: DetachedLogEvent(LogMessage(debug,All initially invalidated sources: Set()
))
Sending msg to client activator-7e5ff2a6-c3b9-4526-9bf9-4be1d4523a44: DetachedLogEvent(LogMessage(debug,Copy resource mappings: 
	))
Sending msg to client activator-7e5ff2a6-c3b9-4526-9bf9-4be1d4523a44: DetachedLogEvent(LogMessage(debug,[Loading] Scanning directory /Users/moraesmv/activator/survey-app))
Sending msg to client activator-7e5ff2a6-c3b9-4526-9bf9-4be1d4523a44: DetachedLogEvent(LogMessage(debug,[Loading] Found root project root w/ remaining ))
Sending msg to client activator-7e5ff2a6-c3b9-4526-9bf9-4be1d4523a44: DetachedLogEvent(LogTrace(NoClassDefFoundError,play/Play$))
Sending msg to client activator-7e5ff2a6-c3b9-4526-9bf9-4be1d4523a44: DetachedLogEvent(LogMessage(error,java.lang.NoClassDefFoundError: play/Play$))
Sending msg to client activator-7e5ff2a6-c3b9-4526-9bf9-4be1d4523a44: DetachedLogEvent(LogMessage(error,Use 'last' for the full log.))
Sending msg to client activator-7e5ff2a6-c3b9-4526-9bf9-4be1d4523a44: DetachedLogEvent(LogMessage(debug,> load-failed))
Sending msg to client activator-7e5ff2a6-c3b9-4526-9bf9-4be1d4523a44: DetachedLogEvent(LogMessage(error,Failed to load project.))
Sending msg to client activator-7e5ff2a6-c3b9-4526-9bf9-4be1d4523a44: BuildFailedToLoad()
Sending msg to client activator-7e5ff2a6-c3b9-4526-9bf9-4be1d4523a44: DetachedLogEvent(LogMessage(debug,> server-wait-for-reboot))
